

***********************************************************************
Fatal NI connect error 12514, connecting to:
 (DESCRIPTION=(CONNECT_DATA=(SID=*)(SERVICE_NAME=192.1.111.103)(CID=(PROGRAM=C:\Program Files\Sybase\PowerBuilder 9.0\PB90.EXE)(HOST=RZ1)(USER=Administrator)))(ADDRESS=(PROTOCOL=TCP)(HOST=192.1.111.103)(PORT=1521)))

  VERSION INFORMATION:
	TNS for 32-bit Windows: Version 9.0.1.1.0 - Production
	Windows NT TCP/IP NT Protocol Adapter for 32-bit Windows: Version 9.0.1.1.0 - Production
  Time: 22-8月 -2022 10:48:37
  Tracing not turned on.
  Tns error struct:
    nr err code: 0
    ns main err code: 12564
    TNS-12564: Message 12564 not found; No message file for product=NETWORK, facility=TNS
    ns secondary err code: 0
    nt main err code: 0
    nt secondary err code: 0
    nt OS err code: 0


***********************************************************************
Fatal NI connect error 12514, connecting to:
 (DESCRIPTION=(CONNECT_DATA=(SID=*)(SERVICE_NAME=192.1.111.103)(CID=(PROGRAM=C:\Program Files\Sybase\PowerBuilder 9.0\PB90.EXE)(HOST=RZ1)(USER=Administrator)))(ADDRESS=(PROTOCOL=TCP)(HOST=192.1.111.103)(PORT=1521)))

  VERSION INFORMATION:
	TNS for 32-bit Windows: Version 9.0.1.1.0 - Production
	Windows NT TCP/IP NT Protocol Adapter for 32-bit Windows: Version 9.0.1.1.0 - Production
  Time: 22-8月 -2022 10:49:08
  Tracing not turned on.
  Tns error struct:
    nr err code: 0
    ns main err code: 12564
    TNS-12564: Message 12564 not found; No message file for product=NETWORK, facility=TNS
    ns secondary err code: 0
    nt main err code: 0
    nt secondary err code: 0
    nt OS err code: 0


***********************************************************************
Fatal NI connect error 12514, connecting to:
 (DESCRIPTION=(CONNECT_DATA=(SID=*)(SERVICE_NAME=192.1.111.103)(CID=(PROGRAM=C:\Program Files\Sybase\PowerBuilder 9.0\PB90.EXE)(HOST=RZ1)(USER=Administrator)))(ADDRESS=(PROTOCOL=TCP)(HOST=192.1.111.103)(PORT=1521)))

  VERSION INFORMATION:
	TNS for 32-bit Windows: Version 9.0.1.1.0 - Production
	Windows NT TCP/IP NT Protocol Adapter for 32-bit Windows: Version 9.0.1.1.0 - Production
  Time: 22-8月 -2022 10:50:46
  Tracing not turned on.
  Tns error struct:
    nr err code: 0
    ns main err code: 12564
    TNS-12564: Message 12564 not found; No message file for product=NETWORK, facility=TNS
    ns secondary err code: 0
    nt main err code: 0
    nt secondary err code: 0
    nt OS err code: 0


***********************************************************************
Fatal NI connect error 12514, connecting to:
 (DESCRIPTION=(CONNECT_DATA=(SID=*)(SERVICE_NAME=192.1.111.103)(CID=(PROGRAM=C:\Program Files\Sybase\PowerBuilder 9.0\PB90.EXE)(HOST=RZ1)(USER=Administrator)))(ADDRESS=(PROTOCOL=TCP)(HOST=192.1.111.103)(PORT=1521)))

  VERSION INFORMATION:
	TNS for 32-bit Windows: Version 9.0.1.1.0 - Production
	Windows NT TCP/IP NT Protocol Adapter for 32-bit Windows: Version 9.0.1.1.0 - Production
  Time: 22-8月 -2022 10:51:43
  Tracing not turned on.
  Tns error struct:
    nr err code: 0
    ns main err code: 12564
    TNS-12564: Message 12564 not found; No message file for product=NETWORK, facility=TNS
    ns secondary err code: 0
    nt main err code: 0
    nt secondary err code: 0
    nt OS err code: 0


***********************************************************************
Fatal NI connect error 12514, connecting to:
 (DESCRIPTION=(CONNECT_DATA=(SID=*)(SERVICE_NAME=192.1.111.103)(CID=(PROGRAM=C:\Program Files\Sybase\PowerBuilder 9.0\PB90.EXE)(HOST=RZ1)(USER=Administrator)))(ADDRESS=(PROTOCOL=TCP)(HOST=192.1.111.103)(PORT=1521)))

  VERSION INFORMATION:
	TNS for 32-bit Windows: Version 9.0.1.1.0 - Production
	Windows NT TCP/IP NT Protocol Adapter for 32-bit Windows: Version 9.0.1.1.0 - Production
  Time: 22-8月 -2022 10:52:13
  Tracing not turned on.
  Tns error struct:
    nr err code: 0
    ns main err code: 12564
    TNS-12564: Message 12564 not found; No message file for product=NETWORK, facility=TNS
    ns secondary err code: 0
    nt main err code: 0
    nt secondary err code: 0
    nt OS err code: 0
